<?xml version="1.0" encoding="UTF-8"?>
<!-- Generated by org.testng.reporters.JUnitReportReporter -->
<testsuite hostname="user-PC" failures="0" tests="4" name="api.test.UserTests2" time="11.771" errors="0" timestamp="2023-09-17T03:02:11 IST" skipped="0">
  <testcase classname="api.test.UserTests2" name="testPostUser" time="8.131"/>
  <system-out/>
  <testcase classname="api.test.UserTests2" name="testGetUserByName" time="1.333"/>
  <system-out/>
  <testcase classname="api.test.UserTests2" name="testUpdateUserByName" time="1.167"/>
  <system-out/>
  <testcase classname="api.test.UserTests2" name="testDeleteUserByName" time="1.140"/>
  <system-out/>
</testsuite> <!-- api.test.UserTests2 -->
