<?xml version="1.0" encoding="UTF-8"?>
<!-- Generated by org.testng.reporters.JUnitReportReporter -->
<testsuite hostname="user-PC" failures="0" tests="6" name="api.test.DDTest" time="14.205" errors="0" timestamp="2023-09-16T05:15:47 IST" skipped="0">
  <testcase classname="api.test.DDTest" name="testPostuser" time="1.151"/>
  <system-out/>
  <testcase classname="api.test.DDTest" name="testPostuser" time="8.161"/>
  <system-out/>
  <testcase classname="api.test.DDTest" name="testPostuser" time="1.243"/>
  <system-out/>
  <testcase classname="api.test.DDTest" name="testDeleteUserByName" time="1.247"/>
  <system-out/>
  <testcase classname="api.test.DDTest" name="testDeleteUserByName" time="1.129"/>
  <system-out/>
  <testcase classname="api.test.DDTest" name="testDeleteUserByName" time="1.274"/>
  <system-out/>
</testsuite> <!-- api.test.DDTest -->
