<?xml version="1.0" encoding="UTF-8"?>
<!-- Generated by org.testng.reporters.JUnitReportReporter -->
<testsuite hostname="user-PC" failures="0" tests="4" name="api.test.UserTests" time="11.979" errors="0" timestamp="2023-09-16T05:51:07 IST" skipped="0">
  <testcase classname="api.test.UserTests" name="testPostUser" time="8.351"/>
  <system-out/>
  <testcase classname="api.test.UserTests" name="testGetUserByName" time="1.264"/>
  <system-out/>
  <testcase classname="api.test.UserTests" name="testUpdateUserByName" time="1.210"/>
  <system-out/>
  <testcase classname="api.test.UserTests" name="testDeleteUserByName" time="1.154"/>
  <system-out/>
</testsuite> <!-- api.test.UserTests -->
