<?xml version="1.0" encoding="UTF-8"?>
<!-- Generated by org.testng.reporters.JUnitReportReporter -->
<testsuite hostname="user-PC" failures="0" tests="4" name="api.test.UserTests2" time="12.053" errors="0" timestamp="2023-09-17T04:53:12 IST" skipped="0">
  <testcase classname="api.test.UserTests2" name="testPostUser" time="8.315"/>
  <system-out/>
  <testcase classname="api.test.UserTests2" name="testGetUserByName" time="1.326"/>
  <system-out/>
  <testcase classname="api.test.UserTests2" name="testUpdateUserByName" time="1.216"/>
  <system-out/>
  <testcase classname="api.test.UserTests2" name="testDeleteUserByName" time="1.196"/>
  <system-out/>
</testsuite> <!-- api.test.UserTests2 -->
